<?xml version="1.0" encoding="UTF-8"?>
<testng-results ignored="10" total="27" passed="17" failed="0" skipped="0">
  <reporter-output>
  </reporter-output>
  <suite started-at="2020-12-19T12:01:46 CST" name="TestSuite" finished-at="2020-12-19T12:03:50 CST" duration-ms="123617">
    <groups>
    </groups>
    <test started-at="2020-12-19T12:01:46 CST" name="Test 1" finished-at="2020-12-19T12:03:50 CST" duration-ms="123617">
      <class name="com.jostens.qa.testcases.SchoolStorePageTest">
        <test-method is-config="true" signature="beforeClass()[pri:0, instance:com.jostens.qa.testcases.SchoolStorePageTest@9353778]" started-at="2020-12-19T12:02:01 CST" name="beforeClass" finished-at="2020-12-19T12:02:01 CST" duration-ms="34" status="PASS">
          <reporter-output>
          </reporter-output>
        </test-method> <!-- beforeClass -->
        <test-method signature="productSearchTest(java.lang.String, java.lang.String, java.lang.String, java.lang.String, java.lang.String, java.lang.String, java.lang.String, java.lang.String, java.lang.String, java.lang.String, java.lang.String, java.lang.String)[pri:0, instance:com.jostens.qa.testcases.SchoolStorePageTest@9353778]" started-at="2020-12-19T12:02:01 CST" name="productSearchTest" data-provider="inputs" finished-at="2020-12-19T12:02:27 CST" duration-ms="25259" status="PASS">
          <params>
            <param index="0">
              <value>
                <![CDATA[New Era Men's Heritage Blend 3/4-Sleeve Baseball Raglan Tee]]>
              </value>
            </param>
            <param index="1">
              <value>
                <![CDATA[New Era Men's Heritage Blend 3/4-Sleeve Baseball Raglan Tee - Jostens School Store]]>
              </value>
            </param>
            <param index="2">
              <value>
                <![CDATA[Black/White]]>
              </value>
            </param>
            <param index="3">
              <value>
                <![CDATA[XL]]>
              </value>
            </param>
            <param index="4">
              <value>
                <![CDATA[1]]>
              </value>
            </param>
            <param index="5">
              <value>
                <![CDATA[Right Chest]]>
              </value>
            </param>
            <param index="6">
              <value>
                <![CDATA[31]]>
              </value>
            </param>
            <param index="7">
              <value>
                <![CDATA[35]]>
              </value>
            </param>
            <param index="8">
              <value>
                <![CDATA[11]]>
              </value>
            </param>
            <param index="9">
              <value>
                <![CDATA[7.7]]>
              </value>
            </param>
            <param index="10">
              <value>
                <![CDATA[Failure - 2020/12/19 11:59:05]]>
              </value>
            </param>
            <param index="11">
              <value>
                <![CDATA[1]]>
              </value>
            </param>
          </params>
          <reporter-output>
          </reporter-output>
        </test-method> <!-- productSearchTest -->
        <test-method is-config="true" signature="afterMethod(org.testng.ITestResult)[pri:0, instance:com.jostens.qa.testcases.SchoolStorePageTest@9353778]" started-at="2020-12-19T12:02:27 CST" name="afterMethod" finished-at="2020-12-19T12:02:27 CST" duration-ms="117" status="PASS">
          <params>
            <param index="0">
              <value>
                <![CDATA[[TestResult name=productSearchTest status=SUCCESS method=SchoolStorePageTest.productSearchTest(java.lang.String, java.lang.String, java.lang.String, java.lang.String, java.lang.String, java.lang.String, java.lang.String, java.lang.String, java.lang.String, java.lang.String, java.lang.String, java.lang.String)[pri:0, instance:com.jostens.qa.testcases.SchoolStorePageTest@9353778] output={null}]]]>
              </value>
            </param>
          </params>
          <reporter-output>
          </reporter-output>
        </test-method> <!-- afterMethod -->
        <test-method signature="productSearchTest(java.lang.String, java.lang.String, java.lang.String, java.lang.String, java.lang.String, java.lang.String, java.lang.String, java.lang.String, java.lang.String, java.lang.String, java.lang.String, java.lang.String)[pri:0, instance:com.jostens.qa.testcases.SchoolStorePageTest@9353778]" started-at="2020-12-19T12:02:27 CST" name="productSearchTest" data-provider="inputs" finished-at="2020-12-19T12:02:48 CST" duration-ms="21292" status="PASS">
          <params>
            <param index="0">
              <value>
                <![CDATA[Next Level Unisex Triblend Long Sleeve Pullover Hoodie]]>
              </value>
            </param>
            <param index="1">
              <value>
                <![CDATA[Next Level Unisex Triblend Long Sleeve Pullover Hoodie - Jostens School Store]]>
              </value>
            </param>
            <param index="2">
              <value>
                <![CDATA[White]]>
              </value>
            </param>
            <param index="3">
              <value>
                <![CDATA[M]]>
              </value>
            </param>
            <param index="4">
              <value>
                <![CDATA[2]]>
              </value>
            </param>
            <param index="5">
              <value>
                <![CDATA[Center Chest]]>
              </value>
            </param>
            <param index="6">
              <value>
                <![CDATA[35]]>
              </value>
            </param>
            <param index="7">
              <value>
                <![CDATA[20]]>
              </value>
            </param>
            <param index="8">
              <value>
                <![CDATA[30]]>
              </value>
            </param>
            <param index="9">
              <value>
                <![CDATA[21]]>
              </value>
            </param>
            <param index="10">
              <value>
                <![CDATA[Failure - 2020/12/19 11:59:17]]>
              </value>
            </param>
            <param index="11">
              <value>
                <![CDATA[2]]>
              </value>
            </param>
          </params>
          <reporter-output>
          </reporter-output>
        </test-method> <!-- productSearchTest -->
        <test-method is-config="true" signature="afterMethod(org.testng.ITestResult)[pri:0, instance:com.jostens.qa.testcases.SchoolStorePageTest@9353778]" started-at="2020-12-19T12:02:48 CST" name="afterMethod" finished-at="2020-12-19T12:02:48 CST" duration-ms="101" status="PASS">
          <params>
            <param index="0">
              <value>
                <![CDATA[[TestResult name=productSearchTest status=SUCCESS method=SchoolStorePageTest.productSearchTest(java.lang.String, java.lang.String, java.lang.String, java.lang.String, java.lang.String, java.lang.String, java.lang.String, java.lang.String, java.lang.String, java.lang.String, java.lang.String, java.lang.String)[pri:0, instance:com.jostens.qa.testcases.SchoolStorePageTest@9353778] output={null}]]]>
              </value>
            </param>
          </params>
          <reporter-output>
          </reporter-output>
        </test-method> <!-- afterMethod -->
        <test-method signature="productSearchTest(java.lang.String, java.lang.String, java.lang.String, java.lang.String, java.lang.String, java.lang.String, java.lang.String, java.lang.String, java.lang.String, java.lang.String, java.lang.String, java.lang.String)[pri:0, instance:com.jostens.qa.testcases.SchoolStorePageTest@9353778]" started-at="2020-12-19T12:02:48 CST" name="productSearchTest" data-provider="inputs" finished-at="2020-12-19T12:03:09 CST" duration-ms="20746" status="PASS">
          <params>
            <param index="0">
              <value>
                <![CDATA[3 Ply Sublimated Mask]]>
              </value>
            </param>
            <param index="1">
              <value>
                <![CDATA[3 Ply Sublimated Mask - Jostens School Store]]>
              </value>
            </param>
            <param index="2">
              <value>
                <![CDATA[White]]>
              </value>
            </param>
            <param index="3">
              <value>
                <![CDATA[L/XL]]>
              </value>
            </param>
            <param index="4">
              <value>
                <![CDATA[6]]>
              </value>
            </param>
            <param index="5">
              <value>
                <![CDATA[Mask Center]]>
              </value>
            </param>
            <param index="6">
              <value>
                <![CDATA[35]]>
              </value>
            </param>
            <param index="7">
              <value>
                <![CDATA[37]]>
              </value>
            </param>
            <param index="8">
              <value>
                <![CDATA[30]]>
              </value>
            </param>
            <param index="9">
              <value>
                <![CDATA[21]]>
              </value>
            </param>
            <param index="10">
              <value>
                <![CDATA[Failure - 2020/12/19 11:59:30]]>
              </value>
            </param>
            <param index="11">
              <value>
                <![CDATA[3]]>
              </value>
            </param>
          </params>
          <reporter-output>
          </reporter-output>
        </test-method> <!-- productSearchTest -->
        <test-method is-config="true" signature="afterMethod(org.testng.ITestResult)[pri:0, instance:com.jostens.qa.testcases.SchoolStorePageTest@9353778]" started-at="2020-12-19T12:03:09 CST" name="afterMethod" finished-at="2020-12-19T12:03:09 CST" duration-ms="103" status="PASS">
          <params>
            <param index="0">
              <value>
                <![CDATA[[TestResult name=productSearchTest status=SUCCESS method=SchoolStorePageTest.productSearchTest(java.lang.String, java.lang.String, java.lang.String, java.lang.String, java.lang.String, java.lang.String, java.lang.String, java.lang.String, java.lang.String, java.lang.String, java.lang.String, java.lang.String)[pri:0, instance:com.jostens.qa.testcases.SchoolStorePageTest@9353778] output={null}]]]>
              </value>
            </param>
          </params>
          <reporter-output>
          </reporter-output>
        </test-method> <!-- afterMethod -->
      </class> <!-- com.jostens.qa.testcases.SchoolStorePageTest -->
      <class name="com.jostens.qa.testcases.CheckoutPageTest">
        <test-method is-config="true" signature="beforeClass()[pri:0, instance:com.jostens.qa.testcases.CheckoutPageTest@48ae9b55]" started-at="2020-12-19T12:03:11 CST" name="beforeClass" finished-at="2020-12-19T12:03:11 CST" duration-ms="36" status="PASS">
          <reporter-output>
          </reporter-output>
        </test-method> <!-- beforeClass -->
        <test-method signature="proceedWithCheckoutTest(java.lang.String, java.lang.String, java.lang.String, java.lang.String, java.lang.String, java.lang.String, java.lang.String, java.lang.String, java.lang.String, java.lang.String, java.lang.String, java.lang.String, java.lang.String, java.lang.String, java.lang.String, java.lang.String, java.lang.String)[pri:0, instance:com.jostens.qa.testcases.CheckoutPageTest@48ae9b55]" started-at="2020-12-19T12:03:11 CST" name="proceedWithCheckoutTest" data-provider="inputs" finished-at="2020-12-19T12:03:21 CST" duration-ms="9504" status="PASS">
          <params>
            <param index="0">
              <value>
                <![CDATA[New Era Men's Heritage Blend 3/4-Sleeve Baseball Raglan Tee]]>
              </value>
            </param>
            <param index="1">
              <value>
                <![CDATA[1]]>
              </value>
            </param>
            <param index="2">
              <value>
                <![CDATA[$24.95]]>
              </value>
            </param>
            <param index="3">
              <value>
                <![CDATA[Information - Jostens School Store - Checkout]]>
              </value>
            </param>
            <param index="4">
              <value>
                <![CDATA[Steve.VerMulm@gmail.com]]>
              </value>
            </param>
            <param index="5">
              <value>
                <![CDATA[No]]>
              </value>
            </param>
            <param index="6">
              <value>
                <![CDATA[Steven]]>
              </value>
            </param>
            <param index="7">
              <value>
                <![CDATA[VerMulm]]>
              </value>
            </param>
            <param index="8">
              <value>
                <![CDATA[409 5th Ave. South]]>
              </value>
            </param>
            <param index="9">
              <value>
                <![CDATA[Hopkins]]>
              </value>
            </param>
            <param index="10">
              <value>
                <![CDATA[United States]]>
              </value>
            </param>
            <param index="11">
              <value>
                <![CDATA[Minnesota]]>
              </value>
            </param>
            <param index="12">
              <value>
                <![CDATA[55343]]>
              </value>
            </param>
            <param index="13">
              <value>
                <![CDATA[7123635520]]>
              </value>
            </param>
            <param index="14">
              <value>
                <![CDATA[No]]>
              </value>
            </param>
            <param index="15">
              <value>
                <![CDATA[Success - 2020/12/19 11:59:48]]>
              </value>
            </param>
            <param index="16">
              <value>
                <![CDATA[1]]>
              </value>
            </param>
          </params>
          <reporter-output>
          </reporter-output>
        </test-method> <!-- proceedWithCheckoutTest -->
        <test-method is-config="true" signature="afterMethod(org.testng.ITestResult)[pri:0, instance:com.jostens.qa.testcases.CheckoutPageTest@48ae9b55]" started-at="2020-12-19T12:03:21 CST" name="afterMethod" finished-at="2020-12-19T12:03:21 CST" duration-ms="87" status="PASS">
          <params>
            <param index="0">
              <value>
                <![CDATA[[TestResult name=proceedWithCheckoutTest status=SUCCESS method=CheckoutPageTest.proceedWithCheckoutTest(java.lang.String, java.lang.String, java.lang.String, java.lang.String, java.lang.String, java.lang.String, java.lang.String, java.lang.String, java.lang.String, java.lang.String, java.lang.String, java.lang.String, java.lang.String, java.lang.String, java.lang.String, java.lang.String, java.lang.String)[pri:0, instance:com.jostens.qa.testcases.CheckoutPageTest@48ae9b55] output={null}]]]>
              </value>
            </param>
          </params>
          <reporter-output>
          </reporter-output>
        </test-method> <!-- afterMethod -->
        <test-method signature="proceedWithCheckoutTest(java.lang.String, java.lang.String, java.lang.String, java.lang.String, java.lang.String, java.lang.String, java.lang.String, java.lang.String, java.lang.String, java.lang.String, java.lang.String, java.lang.String, java.lang.String, java.lang.String, java.lang.String, java.lang.String, java.lang.String)[pri:0, instance:com.jostens.qa.testcases.CheckoutPageTest@48ae9b55]" started-at="2020-12-19T12:03:21 CST" name="proceedWithCheckoutTest" data-provider="inputs" finished-at="2020-12-19T12:03:32 CST" duration-ms="11171" status="PASS">
          <params>
            <param index="0">
              <value>
                <![CDATA[Next Level Unisex Triblend Long Sleeve Pullover Hoodie]]>
              </value>
            </param>
            <param index="1">
              <value>
                <![CDATA[1]]>
              </value>
            </param>
            <param index="2">
              <value>
                <![CDATA[$33.95]]>
              </value>
            </param>
            <param index="3">
              <value>
                <![CDATA[Information - Jostens School Store - Checkout]]>
              </value>
            </param>
            <param index="4">
              <value>
                <![CDATA[Steve.VerMulm@gmail.com]]>
              </value>
            </param>
            <param index="5">
              <value>
                <![CDATA[No]]>
              </value>
            </param>
            <param index="6">
              <value>
                <![CDATA[Ashlyn]]>
              </value>
            </param>
            <param index="7">
              <value>
                <![CDATA[Ambrose]]>
              </value>
            </param>
            <param index="8">
              <value>
                <![CDATA[409 Beachcomber Drive]]>
              </value>
            </param>
            <param index="9">
              <value>
                <![CDATA[Lake Park]]>
              </value>
            </param>
            <param index="10">
              <value>
                <![CDATA[United States]]>
              </value>
            </param>
            <param index="11">
              <value>
                <![CDATA[Iowa]]>
              </value>
            </param>
            <param index="12">
              <value>
                <![CDATA[51347]]>
              </value>
            </param>
            <param index="13">
              <value>
                <![CDATA[7123632575]]>
              </value>
            </param>
            <param index="14">
              <value>
                <![CDATA[No]]>
              </value>
            </param>
            <param index="15">
              <value>
                <![CDATA[Success - 2020/12/19 11:59:54]]>
              </value>
            </param>
            <param index="16">
              <value>
                <![CDATA[2]]>
              </value>
            </param>
          </params>
          <reporter-output>
          </reporter-output>
        </test-method> <!-- proceedWithCheckoutTest -->
        <test-method is-config="true" signature="afterMethod(org.testng.ITestResult)[pri:0, instance:com.jostens.qa.testcases.CheckoutPageTest@48ae9b55]" started-at="2020-12-19T12:03:32 CST" name="afterMethod" finished-at="2020-12-19T12:03:32 CST" duration-ms="77" status="PASS">
          <params>
            <param index="0">
              <value>
                <![CDATA[[TestResult name=proceedWithCheckoutTest status=SUCCESS method=CheckoutPageTest.proceedWithCheckoutTest(java.lang.String, java.lang.String, java.lang.String, java.lang.String, java.lang.String, java.lang.String, java.lang.String, java.lang.String, java.lang.String, java.lang.String, java.lang.String, java.lang.String, java.lang.String, java.lang.String, java.lang.String, java.lang.String, java.lang.String)[pri:0, instance:com.jostens.qa.testcases.CheckoutPageTest@48ae9b55] output={null}]]]>
              </value>
            </param>
          </params>
          <reporter-output>
          </reporter-output>
        </test-method> <!-- afterMethod -->
        <test-method signature="proceedWithCheckoutTest(java.lang.String, java.lang.String, java.lang.String, java.lang.String, java.lang.String, java.lang.String, java.lang.String, java.lang.String, java.lang.String, java.lang.String, java.lang.String, java.lang.String, java.lang.String, java.lang.String, java.lang.String, java.lang.String, java.lang.String)[pri:0, instance:com.jostens.qa.testcases.CheckoutPageTest@48ae9b55]" started-at="2020-12-19T12:03:32 CST" name="proceedWithCheckoutTest" data-provider="inputs" finished-at="2020-12-19T12:03:39 CST" duration-ms="7171" status="PASS">
          <params>
            <param index="0">
              <value>
                <![CDATA[3 Ply Sublimated Mask]]>
              </value>
            </param>
            <param index="1">
              <value>
                <![CDATA[1]]>
              </value>
            </param>
            <param index="2">
              <value>
                <![CDATA[$18.95]]>
              </value>
            </param>
            <param index="3">
              <value>
                <![CDATA[Information - Jostens School Store - Checkout]]>
              </value>
            </param>
            <param index="4">
              <value>
                <![CDATA[Steve.VerMulm@gmail.com]]>
              </value>
            </param>
            <param index="5">
              <value>
                <![CDATA[No]]>
              </value>
            </param>
            <param index="6">
              <value>
                <![CDATA[Cynthia]]>
              </value>
            </param>
            <param index="7">
              <value>
                <![CDATA[Ambrosia]]>
              </value>
            </param>
            <param index="8">
              <value>
                <![CDATA[62310 Lake View Road]]>
              </value>
            </param>
            <param index="9">
              <value>
                <![CDATA[Madison Lake]]>
              </value>
            </param>
            <param index="10">
              <value>
                <![CDATA[United States]]>
              </value>
            </param>
            <param index="11">
              <value>
                <![CDATA[Minnesota]]>
              </value>
            </param>
            <param index="12">
              <value>
                <![CDATA[56063]]>
              </value>
            </param>
            <param index="13">
              <value>
                <![CDATA[7123635519]]>
              </value>
            </param>
            <param index="14">
              <value>
                <![CDATA[No]]>
              </value>
            </param>
            <param index="15">
              <value>
                <![CDATA[Success - 2020/12/19 12:00:02]]>
              </value>
            </param>
            <param index="16">
              <value>
                <![CDATA[3]]>
              </value>
            </param>
          </params>
          <reporter-output>
          </reporter-output>
        </test-method> <!-- proceedWithCheckoutTest -->
        <test-method is-config="true" signature="afterMethod(org.testng.ITestResult)[pri:0, instance:com.jostens.qa.testcases.CheckoutPageTest@48ae9b55]" started-at="2020-12-19T12:03:39 CST" name="afterMethod" finished-at="2020-12-19T12:03:39 CST" duration-ms="89" status="PASS">
          <params>
            <param index="0">
              <value>
                <![CDATA[[TestResult name=proceedWithCheckoutTest status=SUCCESS method=CheckoutPageTest.proceedWithCheckoutTest(java.lang.String, java.lang.String, java.lang.String, java.lang.String, java.lang.String, java.lang.String, java.lang.String, java.lang.String, java.lang.String, java.lang.String, java.lang.String, java.lang.String, java.lang.String, java.lang.String, java.lang.String, java.lang.String, java.lang.String)[pri:0, instance:com.jostens.qa.testcases.CheckoutPageTest@48ae9b55] output={null}]]]>
              </value>
            </param>
          </params>
          <reporter-output>
          </reporter-output>
        </test-method> <!-- afterMethod -->
        <test-method signature="test2(java.lang.String, java.lang.String, java.lang.String, java.lang.String, java.lang.String, java.lang.String, java.lang.String, java.lang.String, java.lang.String, java.lang.String, java.lang.String, java.lang.String, java.lang.String, java.lang.String, java.lang.String, java.lang.String, java.lang.String)[pri:1, instance:com.jostens.qa.testcases.CheckoutPageTest@48ae9b55]" started-at="2020-12-19T12:03:39 CST" name="test2" data-provider="inputs" finished-at="2020-12-19T12:03:40 CST" duration-ms="255" status="PASS">
          <params>
            <param index="0">
              <value>
                <![CDATA[New Era Men's Heritage Blend 3/4-Sleeve Baseball Raglan Tee]]>
              </value>
            </param>
            <param index="1">
              <value>
                <![CDATA[1]]>
              </value>
            </param>
            <param index="2">
              <value>
                <![CDATA[$24.95]]>
              </value>
            </param>
            <param index="3">
              <value>
                <![CDATA[Information - Jostens School Store - Checkout]]>
              </value>
            </param>
            <param index="4">
              <value>
                <![CDATA[Steve.VerMulm@gmail.com]]>
              </value>
            </param>
            <param index="5">
              <value>
                <![CDATA[No]]>
              </value>
            </param>
            <param index="6">
              <value>
                <![CDATA[Steven]]>
              </value>
            </param>
            <param index="7">
              <value>
                <![CDATA[VerMulm]]>
              </value>
            </param>
            <param index="8">
              <value>
                <![CDATA[409 5th Ave. South]]>
              </value>
            </param>
            <param index="9">
              <value>
                <![CDATA[Hopkins]]>
              </value>
            </param>
            <param index="10">
              <value>
                <![CDATA[United States]]>
              </value>
            </param>
            <param index="11">
              <value>
                <![CDATA[Minnesota]]>
              </value>
            </param>
            <param index="12">
              <value>
                <![CDATA[55343]]>
              </value>
            </param>
            <param index="13">
              <value>
                <![CDATA[7123635520]]>
              </value>
            </param>
            <param index="14">
              <value>
                <![CDATA[No]]>
              </value>
            </param>
            <param index="15">
              <value>
                <![CDATA[Success - 2020/12/19 12:03:21]]>
              </value>
            </param>
            <param index="16">
              <value>
                <![CDATA[1]]>
              </value>
            </param>
          </params>
          <reporter-output>
          </reporter-output>
        </test-method> <!-- test2 -->
        <test-method is-config="true" signature="afterMethod(org.testng.ITestResult)[pri:0, instance:com.jostens.qa.testcases.CheckoutPageTest@48ae9b55]" started-at="2020-12-19T12:03:40 CST" name="afterMethod" finished-at="2020-12-19T12:03:40 CST" duration-ms="66" status="PASS">
          <params>
            <param index="0">
              <value>
                <![CDATA[[TestResult name=test2 status=SUCCESS method=CheckoutPageTest.test2(java.lang.String, java.lang.String, java.lang.String, java.lang.String, java.lang.String, java.lang.String, java.lang.String, java.lang.String, java.lang.String, java.lang.String, java.lang.String, java.lang.String, java.lang.String, java.lang.String, java.lang.String, java.lang.String, java.lang.String)[pri:1, instance:com.jostens.qa.testcases.CheckoutPageTest@48ae9b55] output={null}]]]>
              </value>
            </param>
          </params>
          <reporter-output>
          </reporter-output>
        </test-method> <!-- afterMethod -->
        <test-method signature="test2(java.lang.String, java.lang.String, java.lang.String, java.lang.String, java.lang.String, java.lang.String, java.lang.String, java.lang.String, java.lang.String, java.lang.String, java.lang.String, java.lang.String, java.lang.String, java.lang.String, java.lang.String, java.lang.String, java.lang.String)[pri:1, instance:com.jostens.qa.testcases.CheckoutPageTest@48ae9b55]" started-at="2020-12-19T12:03:40 CST" name="test2" data-provider="inputs" finished-at="2020-12-19T12:03:40 CST" duration-ms="139" status="PASS">
          <params>
            <param index="0">
              <value>
                <![CDATA[Next Level Unisex Triblend Long Sleeve Pullover Hoodie]]>
              </value>
            </param>
            <param index="1">
              <value>
                <![CDATA[1]]>
              </value>
            </param>
            <param index="2">
              <value>
                <![CDATA[$33.95]]>
              </value>
            </param>
            <param index="3">
              <value>
                <![CDATA[Information - Jostens School Store - Checkout]]>
              </value>
            </param>
            <param index="4">
              <value>
                <![CDATA[Steve.VerMulm@gmail.com]]>
              </value>
            </param>
            <param index="5">
              <value>
                <![CDATA[No]]>
              </value>
            </param>
            <param index="6">
              <value>
                <![CDATA[Ashlyn]]>
              </value>
            </param>
            <param index="7">
              <value>
                <![CDATA[Ambrose]]>
              </value>
            </param>
            <param index="8">
              <value>
                <![CDATA[409 Beachcomber Drive]]>
              </value>
            </param>
            <param index="9">
              <value>
                <![CDATA[Lake Park]]>
              </value>
            </param>
            <param index="10">
              <value>
                <![CDATA[United States]]>
              </value>
            </param>
            <param index="11">
              <value>
                <![CDATA[Iowa]]>
              </value>
            </param>
            <param index="12">
              <value>
                <![CDATA[51347]]>
              </value>
            </param>
            <param index="13">
              <value>
                <![CDATA[7123632575]]>
              </value>
            </param>
            <param index="14">
              <value>
                <![CDATA[No]]>
              </value>
            </param>
            <param index="15">
              <value>
                <![CDATA[Success - 2020/12/19 12:03:32]]>
              </value>
            </param>
            <param index="16">
              <value>
                <![CDATA[2]]>
              </value>
            </param>
          </params>
          <reporter-output>
          </reporter-output>
        </test-method> <!-- test2 -->
        <test-method is-config="true" signature="afterMethod(org.testng.ITestResult)[pri:0, instance:com.jostens.qa.testcases.CheckoutPageTest@48ae9b55]" started-at="2020-12-19T12:03:40 CST" name="afterMethod" finished-at="2020-12-19T12:03:40 CST" duration-ms="67" status="PASS">
          <params>
            <param index="0">
              <value>
                <![CDATA[[TestResult name=test2 status=SUCCESS method=CheckoutPageTest.test2(java.lang.String, java.lang.String, java.lang.String, java.lang.String, java.lang.String, java.lang.String, java.lang.String, java.lang.String, java.lang.String, java.lang.String, java.lang.String, java.lang.String, java.lang.String, java.lang.String, java.lang.String, java.lang.String, java.lang.String)[pri:1, instance:com.jostens.qa.testcases.CheckoutPageTest@48ae9b55] output={null}]]]>
              </value>
            </param>
          </params>
          <reporter-output>
          </reporter-output>
        </test-method> <!-- afterMethod -->
        <test-method signature="test2(java.lang.String, java.lang.String, java.lang.String, java.lang.String, java.lang.String, java.lang.String, java.lang.String, java.lang.String, java.lang.String, java.lang.String, java.lang.String, java.lang.String, java.lang.String, java.lang.String, java.lang.String, java.lang.String, java.lang.String)[pri:1, instance:com.jostens.qa.testcases.CheckoutPageTest@48ae9b55]" started-at="2020-12-19T12:03:40 CST" name="test2" data-provider="inputs" finished-at="2020-12-19T12:03:40 CST" duration-ms="159" status="PASS">
          <params>
            <param index="0">
              <value>
                <![CDATA[3 Ply Sublimated Mask]]>
              </value>
            </param>
            <param index="1">
              <value>
                <![CDATA[1]]>
              </value>
            </param>
            <param index="2">
              <value>
                <![CDATA[$18.95]]>
              </value>
            </param>
            <param index="3">
              <value>
                <![CDATA[Information - Jostens School Store - Checkout]]>
              </value>
            </param>
            <param index="4">
              <value>
                <![CDATA[Steve.VerMulm@gmail.com]]>
              </value>
            </param>
            <param index="5">
              <value>
                <![CDATA[No]]>
              </value>
            </param>
            <param index="6">
              <value>
                <![CDATA[Cynthia]]>
              </value>
            </param>
            <param index="7">
              <value>
                <![CDATA[Ambrosia]]>
              </value>
            </param>
            <param index="8">
              <value>
                <![CDATA[62310 Lake View Road]]>
              </value>
            </param>
            <param index="9">
              <value>
                <![CDATA[Madison Lake]]>
              </value>
            </param>
            <param index="10">
              <value>
                <![CDATA[United States]]>
              </value>
            </param>
            <param index="11">
              <value>
                <![CDATA[Minnesota]]>
              </value>
            </param>
            <param index="12">
              <value>
                <![CDATA[56063]]>
              </value>
            </param>
            <param index="13">
              <value>
                <![CDATA[7123635519]]>
              </value>
            </param>
            <param index="14">
              <value>
                <![CDATA[No]]>
              </value>
            </param>
            <param index="15">
              <value>
                <![CDATA[Success - 2020/12/19 12:03:39]]>
              </value>
            </param>
            <param index="16">
              <value>
                <![CDATA[3]]>
              </value>
            </param>
          </params>
          <reporter-output>
          </reporter-output>
        </test-method> <!-- test2 -->
        <test-method is-config="true" signature="afterMethod(org.testng.ITestResult)[pri:0, instance:com.jostens.qa.testcases.CheckoutPageTest@48ae9b55]" started-at="2020-12-19T12:03:40 CST" name="afterMethod" finished-at="2020-12-19T12:03:40 CST" duration-ms="74" status="PASS">
          <params>
            <param index="0">
              <value>
                <![CDATA[[TestResult name=test2 status=SUCCESS method=CheckoutPageTest.test2(java.lang.String, java.lang.String, java.lang.String, java.lang.String, java.lang.String, java.lang.String, java.lang.String, java.lang.String, java.lang.String, java.lang.String, java.lang.String, java.lang.String, java.lang.String, java.lang.String, java.lang.String, java.lang.String, java.lang.String)[pri:1, instance:com.jostens.qa.testcases.CheckoutPageTest@48ae9b55] output={null}]]]>
              </value>
            </param>
          </params>
          <reporter-output>
          </reporter-output>
        </test-method> <!-- afterMethod -->
      </class> <!-- com.jostens.qa.testcases.CheckoutPageTest -->
      <class name="com.jostens.qa.testcases.LoginPageTest">
        <test-method is-config="true" signature="beforeSuite(java.lang.String, java.lang.String, java.lang.String, java.lang.String)[pri:0, instance:com.jostens.qa.testcases.LoginPageTest@7e0b85f9]" started-at="2020-12-19T12:01:40 CST" name="beforeSuite" finished-at="2020-12-19T12:01:46 CST" duration-ms="6658" status="PASS">
          <params>
            <param index="0">
              <value>
                <![CDATA[Chrome]]>
              </value>
            </param>
            <param index="1">
              <value>
                <![CDATA[81]]>
              </value>
            </param>
            <param index="2">
              <value>
                <![CDATA[Windows]]>
              </value>
            </param>
            <param index="3">
              <value>
                <![CDATA[10]]>
              </value>
            </param>
          </params>
          <reporter-output>
          </reporter-output>
        </test-method> <!-- beforeSuite -->
        <test-method is-config="true" signature="beforeClass()[pri:0, instance:com.jostens.qa.testcases.LoginPageTest@7e0b85f9]" started-at="2020-12-19T12:01:46 CST" name="beforeClass" finished-at="2020-12-19T12:01:47 CST" duration-ms="211" status="PASS">
          <reporter-output>
          </reporter-output>
        </test-method> <!-- beforeClass -->
        <test-method signature="loginTest(java.lang.String, java.lang.String, java.lang.String, java.lang.String, java.lang.String, java.lang.String, java.lang.String, java.lang.String, java.lang.String)[pri:0, instance:com.jostens.qa.testcases.LoginPageTest@7e0b85f9]" started-at="2020-12-19T12:01:47 CST" name="loginTest" data-provider="inputs" finished-at="2020-12-19T12:01:53 CST" duration-ms="6147" status="PASS">
          <params>
            <param index="0">
              <value>
                <![CDATA[https://www.jostens.com/]]>
              </value>
            </param>
            <param index="1">
              <value>
                <![CDATA[Customer]]>
              </value>
            </param>
            <param index="2">
              <value>
                <![CDATA[john.dang@valtira.net]]>
              </value>
            </param>
            <param index="3">
              <value>
                <![CDATA[valtira12345]]>
              </value>
            </param>
            <param index="4">
              <value>
                <![CDATA[john dang]]>
              </value>
            </param>
            <param index="5">
              <value>
                <![CDATA[y]]>
              </value>
            </param>
            <param index="6">
              <value>
                <![CDATA[Success - 2020/12/19 11:58:30]]>
              </value>
            </param>
            <param index="7">
              <value is-null="true"/>
            </param>
            <param index="8">
              <value>
                <![CDATA[1]]>
              </value>
            </param>
          </params>
          <reporter-output>
          </reporter-output>
        </test-method> <!-- loginTest -->
        <test-method is-config="true" signature="afterMethod(org.testng.ITestResult)[pri:0, instance:com.jostens.qa.testcases.LoginPageTest@7e0b85f9]" started-at="2020-12-19T12:01:53 CST" name="afterMethod" finished-at="2020-12-19T12:01:54 CST" duration-ms="538" status="PASS">
          <params>
            <param index="0">
              <value>
                <![CDATA[[TestResult name=loginTest status=SUCCESS method=LoginPageTest.loginTest(java.lang.String, java.lang.String, java.lang.String, java.lang.String, java.lang.String, java.lang.String, java.lang.String, java.lang.String, java.lang.String)[pri:0, instance:com.jostens.qa.testcases.LoginPageTest@7e0b85f9] output={null}]]]>
              </value>
            </param>
          </params>
          <reporter-output>
          </reporter-output>
        </test-method> <!-- afterMethod -->
        <test-method signature="loginTest(java.lang.String, java.lang.String, java.lang.String, java.lang.String, java.lang.String, java.lang.String, java.lang.String, java.lang.String, java.lang.String)[pri:0, instance:com.jostens.qa.testcases.LoginPageTest@7e0b85f9]" started-at="2020-12-19T12:01:54 CST" name="loginTest" data-provider="inputs" finished-at="2020-12-19T12:01:56 CST" duration-ms="2338" status="PASS">
          <params>
            <param index="0">
              <value>
                <![CDATA[https://www.jostens.com/]]>
              </value>
            </param>
            <param index="1">
              <value>
                <![CDATA[Customer]]>
              </value>
            </param>
            <param index="2">
              <value>
                <![CDATA[Steve.VerMulm@gmail.com]]>
              </value>
            </param>
            <param index="3">
              <value>
                <![CDATA[MorningsideMustang124]]>
              </value>
            </param>
            <param index="4">
              <value>
                <![CDATA[Steven VerMulm]]>
              </value>
            </param>
            <param index="5">
              <value>
                <![CDATA[n]]>
              </value>
            </param>
            <param index="6">
              <value>
                <![CDATA[Success - 2020/12/19 11:58:33]]>
              </value>
            </param>
            <param index="7">
              <value is-null="true"/>
            </param>
            <param index="8">
              <value>
                <![CDATA[2]]>
              </value>
            </param>
          </params>
          <reporter-output>
          </reporter-output>
        </test-method> <!-- loginTest -->
        <test-method is-config="true" signature="afterMethod(org.testng.ITestResult)[pri:0, instance:com.jostens.qa.testcases.LoginPageTest@7e0b85f9]" started-at="2020-12-19T12:01:56 CST" name="afterMethod" finished-at="2020-12-19T12:01:57 CST" duration-ms="180" status="PASS">
          <params>
            <param index="0">
              <value>
                <![CDATA[[TestResult name=loginTest status=SUCCESS method=LoginPageTest.loginTest(java.lang.String, java.lang.String, java.lang.String, java.lang.String, java.lang.String, java.lang.String, java.lang.String, java.lang.String, java.lang.String)[pri:0, instance:com.jostens.qa.testcases.LoginPageTest@7e0b85f9] output={null}]]]>
              </value>
            </param>
          </params>
          <reporter-output>
          </reporter-output>
        </test-method> <!-- afterMethod -->
        <test-method is-config="true" signature="afterSuite()[pri:0, instance:com.jostens.qa.testcases.LoginPageTest@7e0b85f9]" started-at="2020-12-19T12:03:50 CST" name="afterSuite" finished-at="2020-12-19T12:03:50 CST" duration-ms="0" status="PASS">
          <reporter-output>
          </reporter-output>
        </test-method> <!-- afterSuite -->
      </class> <!-- com.jostens.qa.testcases.LoginPageTest -->
      <class name="com.jostens.qa.testcases.HomePageTest">
        <test-method is-config="true" signature="beforeClass()[pri:0, instance:com.jostens.qa.testcases.HomePageTest@63355449]" started-at="2020-12-19T12:01:57 CST" name="beforeClass" finished-at="2020-12-19T12:01:57 CST" duration-ms="148" status="PASS">
          <reporter-output>
          </reporter-output>
        </test-method> <!-- beforeClass -->
        <test-method signature="searchForSchoolTest(java.lang.String, java.lang.String, java.lang.String, java.lang.String)[pri:0, instance:com.jostens.qa.testcases.HomePageTest@63355449]" started-at="2020-12-19T12:01:57 CST" name="searchForSchoolTest" data-provider="inputs" finished-at="2020-12-19T12:01:59 CST" duration-ms="2031" status="PASS">
          <params>
            <param index="0">
              <value>
                <![CDATA[Chaska Middle School East]]>
              </value>
            </param>
            <param index="1">
              <value>
                <![CDATA[Chaska Middle School East Chaska, MN Products - Graduation Products from Jostens]]>
              </value>
            </param>
            <param index="2">
              <value>
                <![CDATA[Success - 2020/12/19 11:58:36]]>
              </value>
            </param>
            <param index="3">
              <value>
                <![CDATA[1]]>
              </value>
            </param>
          </params>
          <reporter-output>
          </reporter-output>
        </test-method> <!-- searchForSchoolTest -->
        <test-method is-config="true" signature="afterMethod(org.testng.ITestResult)[pri:0, instance:com.jostens.qa.testcases.HomePageTest@63355449]" started-at="2020-12-19T12:01:59 CST" name="afterMethod" finished-at="2020-12-19T12:01:59 CST" duration-ms="123" status="PASS">
          <params>
            <param index="0">
              <value>
                <![CDATA[[TestResult name=searchForSchoolTest status=SUCCESS method=HomePageTest.searchForSchoolTest(java.lang.String, java.lang.String, java.lang.String, java.lang.String)[pri:0, instance:com.jostens.qa.testcases.HomePageTest@63355449] output={null}]]]>
              </value>
            </param>
          </params>
          <reporter-output>
          </reporter-output>
        </test-method> <!-- afterMethod -->
        <test-method signature="searchForSchoolTest(java.lang.String, java.lang.String, java.lang.String, java.lang.String)[pri:0, instance:com.jostens.qa.testcases.HomePageTest@63355449]" started-at="2020-12-19T12:01:59 CST" name="searchForSchoolTest" data-provider="inputs" finished-at="2020-12-19T12:02:01 CST" duration-ms="2278" status="PASS">
          <params>
            <param index="0">
              <value>
                <![CDATA[Chaska High School]]>
              </value>
            </param>
            <param index="1">
              <value>
                <![CDATA[Chaska High School Chaska, MN Products - Graduation Products from Jostens]]>
              </value>
            </param>
            <param index="2">
              <value>
                <![CDATA[Success - 2020/12/19 11:58:39]]>
              </value>
            </param>
            <param index="3">
              <value>
                <![CDATA[2]]>
              </value>
            </param>
          </params>
          <reporter-output>
          </reporter-output>
        </test-method> <!-- searchForSchoolTest -->
        <test-method is-config="true" signature="afterMethod(org.testng.ITestResult)[pri:0, instance:com.jostens.qa.testcases.HomePageTest@63355449]" started-at="2020-12-19T12:02:01 CST" name="afterMethod" finished-at="2020-12-19T12:02:01 CST" duration-ms="142" status="PASS">
          <params>
            <param index="0">
              <value>
                <![CDATA[[TestResult name=searchForSchoolTest status=SUCCESS method=HomePageTest.searchForSchoolTest(java.lang.String, java.lang.String, java.lang.String, java.lang.String)[pri:0, instance:com.jostens.qa.testcases.HomePageTest@63355449] output={null}]]]>
              </value>
            </param>
          </params>
          <reporter-output>
          </reporter-output>
        </test-method> <!-- afterMethod -->
      </class> <!-- com.jostens.qa.testcases.HomePageTest -->
      <class name="com.jostens.qa.testcases.PaymentPageTest">
        <test-method is-config="true" signature="beforeClass()[pri:0, instance:com.jostens.qa.testcases.PaymentPageTest@1700915]" started-at="2020-12-19T12:03:40 CST" name="beforeClass" finished-at="2020-12-19T12:03:40 CST" duration-ms="36" status="PASS">
          <reporter-output>
          </reporter-output>
        </test-method> <!-- beforeClass -->
        <test-method signature="test(java.lang.String, java.lang.String, java.lang.String, java.lang.String, java.lang.String, java.lang.String, java.lang.String)[pri:0, instance:com.jostens.qa.testcases.PaymentPageTest@1700915]" started-at="2020-12-19T12:03:40 CST" name="test" data-provider="inputs" finished-at="2020-12-19T12:03:50 CST" duration-ms="9610" status="PASS">
          <params>
            <param index="0">
              <value>
                <![CDATA[5555555555554444]]>
              </value>
            </param>
            <param index="1">
              <value>
                <![CDATA[Cynthia Ambrosia]]>
              </value>
            </param>
            <param index="2">
              <value>
                <![CDATA[Success - 2020/12/19 12:00:12]]>
              </value>
            </param>
            <param index="3">
              <value>
                <![CDATA[096]]>
              </value>
            </param>
            <param index="4">
              <value>
                <![CDATA[Invalid CC Number]]>
              </value>
            </param>
            <param index="5">
              <value is-null="true"/>
            </param>
            <param index="6">
              <value>
                <![CDATA[1]]>
              </value>
            </param>
          </params>
          <reporter-output>
          </reporter-output>
        </test-method> <!-- test -->
        <test-method is-config="true" signature="afterMethod(org.testng.ITestResult)[pri:0, instance:com.jostens.qa.testcases.PaymentPageTest@1700915]" started-at="2020-12-19T12:03:50 CST" name="afterMethod" finished-at="2020-12-19T12:03:50 CST" duration-ms="74" status="PASS">
          <params>
            <param index="0">
              <value>
                <![CDATA[[TestResult name=test status=SUCCESS method=PaymentPageTest.test(java.lang.String, java.lang.String, java.lang.String, java.lang.String, java.lang.String, java.lang.String, java.lang.String)[pri:0, instance:com.jostens.qa.testcases.PaymentPageTest@1700915] output={null}]]]>
              </value>
            </param>
          </params>
          <reporter-output>
          </reporter-output>
        </test-method> <!-- afterMethod -->
      </class> <!-- com.jostens.qa.testcases.PaymentPageTest -->
      <class name="com.jostens.qa.testcases.ShoppingCartPageTest">
        <test-method is-config="true" signature="beforeClass()[pri:0, instance:com.jostens.qa.testcases.ShoppingCartPageTest@6a28ffa4]" started-at="2020-12-19T12:03:09 CST" name="beforeClass" finished-at="2020-12-19T12:03:09 CST" duration-ms="43" status="PASS">
          <reporter-output>
          </reporter-output>
        </test-method> <!-- beforeClass -->
        <test-method signature="addProductToCartTest(java.lang.String, java.lang.String, java.lang.String, java.lang.String, java.lang.String, java.lang.String, java.lang.String, java.lang.String)[pri:0, instance:com.jostens.qa.testcases.ShoppingCartPageTest@6a28ffa4]" started-at="2020-12-19T12:03:09 CST" name="addProductToCartTest" data-provider="inputs" finished-at="2020-12-19T12:03:11 CST" duration-ms="1735" status="PASS">
          <params>
            <param index="0">
              <value>
                <![CDATA[New Era Men's Heritage Blend 3/4-Sleeve Baseball Raglan Tee]]>
              </value>
            </param>
            <param index="1">
              <value>
                <![CDATA[Your Shopping Cart - Jostens School Store]]>
              </value>
            </param>
            <param index="2">
              <value>
                <![CDATA[$24.95]]>
              </value>
            </param>
            <param index="3">
              <value>
                <![CDATA[1]]>
              </value>
            </param>
            <param index="4">
              <value>
                <![CDATA[$24.95]]>
              </value>
            </param>
            <param index="5">
              <value>
                <![CDATA[$77.85]]>
              </value>
            </param>
            <param index="6">
              <value>
                <![CDATA[Failure - 2020/12/19 11:59:32]]>
              </value>
            </param>
            <param index="7">
              <value>
                <![CDATA[1]]>
              </value>
            </param>
          </params>
          <reporter-output>
          </reporter-output>
        </test-method> <!-- addProductToCartTest -->
        <test-method is-config="true" signature="afterMethod(org.testng.ITestResult)[pri:0, instance:com.jostens.qa.testcases.ShoppingCartPageTest@6a28ffa4]" started-at="2020-12-19T12:03:11 CST" name="afterMethod" finished-at="2020-12-19T12:03:11 CST" duration-ms="86" status="PASS">
          <params>
            <param index="0">
              <value>
                <![CDATA[[TestResult name=addProductToCartTest status=SUCCESS method=ShoppingCartPageTest.addProductToCartTest(java.lang.String, java.lang.String, java.lang.String, java.lang.String, java.lang.String, java.lang.String, java.lang.String, java.lang.String)[pri:0, instance:com.jostens.qa.testcases.ShoppingCartPageTest@6a28ffa4] output={null}]]]>
              </value>
            </param>
          </params>
          <reporter-output>
          </reporter-output>
        </test-method> <!-- afterMethod -->
        <test-method signature="addProductToCartTest(java.lang.String, java.lang.String, java.lang.String, java.lang.String, java.lang.String, java.lang.String, java.lang.String, java.lang.String)[pri:0, instance:com.jostens.qa.testcases.ShoppingCartPageTest@6a28ffa4]" started-at="2020-12-19T12:03:11 CST" name="addProductToCartTest" data-provider="inputs" finished-at="2020-12-19T12:03:11 CST" duration-ms="90" status="PASS">
          <params>
            <param index="0">
              <value>
                <![CDATA[Next Level Unisex Triblend Long Sleeve Pullover Hoodie]]>
              </value>
            </param>
            <param index="1">
              <value>
                <![CDATA[Your Shopping Cart - Jostens School Store]]>
              </value>
            </param>
            <param index="2">
              <value>
                <![CDATA[$33.95]]>
              </value>
            </param>
            <param index="3">
              <value>
                <![CDATA[1]]>
              </value>
            </param>
            <param index="4">
              <value>
                <![CDATA[$33.95]]>
              </value>
            </param>
            <param index="5">
              <value>
                <![CDATA[$77.85]]>
              </value>
            </param>
            <param index="6">
              <value>
                <![CDATA[Failure - 2020/12/19 11:59:33]]>
              </value>
            </param>
            <param index="7">
              <value>
                <![CDATA[2]]>
              </value>
            </param>
          </params>
          <reporter-output>
          </reporter-output>
        </test-method> <!-- addProductToCartTest -->
        <test-method is-config="true" signature="afterMethod(org.testng.ITestResult)[pri:0, instance:com.jostens.qa.testcases.ShoppingCartPageTest@6a28ffa4]" started-at="2020-12-19T12:03:11 CST" name="afterMethod" finished-at="2020-12-19T12:03:11 CST" duration-ms="78" status="PASS">
          <params>
            <param index="0">
              <value>
                <![CDATA[[TestResult name=addProductToCartTest status=SUCCESS method=ShoppingCartPageTest.addProductToCartTest(java.lang.String, java.lang.String, java.lang.String, java.lang.String, java.lang.String, java.lang.String, java.lang.String, java.lang.String)[pri:0, instance:com.jostens.qa.testcases.ShoppingCartPageTest@6a28ffa4] output={null}]]]>
              </value>
            </param>
          </params>
          <reporter-output>
          </reporter-output>
        </test-method> <!-- afterMethod -->
        <test-method signature="addProductToCartTest(java.lang.String, java.lang.String, java.lang.String, java.lang.String, java.lang.String, java.lang.String, java.lang.String, java.lang.String)[pri:0, instance:com.jostens.qa.testcases.ShoppingCartPageTest@6a28ffa4]" started-at="2020-12-19T12:03:11 CST" name="addProductToCartTest" data-provider="inputs" finished-at="2020-12-19T12:03:11 CST" duration-ms="102" status="PASS">
          <params>
            <param index="0">
              <value>
                <![CDATA[3 Ply Sublimated Mask]]>
              </value>
            </param>
            <param index="1">
              <value>
                <![CDATA[Your Shopping Cart - Jostens School Store]]>
              </value>
            </param>
            <param index="2">
              <value>
                <![CDATA[$18.95]]>
              </value>
            </param>
            <param index="3">
              <value>
                <![CDATA[1]]>
              </value>
            </param>
            <param index="4">
              <value>
                <![CDATA[$18.95]]>
              </value>
            </param>
            <param index="5">
              <value>
                <![CDATA[$77.85]]>
              </value>
            </param>
            <param index="6">
              <value>
                <![CDATA[Failure - 2020/12/19 11:59:33]]>
              </value>
            </param>
            <param index="7">
              <value>
                <![CDATA[3]]>
              </value>
            </param>
          </params>
          <reporter-output>
          </reporter-output>
        </test-method> <!-- addProductToCartTest -->
        <test-method is-config="true" signature="afterMethod(org.testng.ITestResult)[pri:0, instance:com.jostens.qa.testcases.ShoppingCartPageTest@6a28ffa4]" started-at="2020-12-19T12:03:11 CST" name="afterMethod" finished-at="2020-12-19T12:03:11 CST" duration-ms="76" status="PASS">
          <params>
            <param index="0">
              <value>
                <![CDATA[[TestResult name=addProductToCartTest status=SUCCESS method=ShoppingCartPageTest.addProductToCartTest(java.lang.String, java.lang.String, java.lang.String, java.lang.String, java.lang.String, java.lang.String, java.lang.String, java.lang.String)[pri:0, instance:com.jostens.qa.testcases.ShoppingCartPageTest@6a28ffa4] output={null}]]]>
              </value>
            </param>
          </params>
          <reporter-output>
          </reporter-output>
        </test-method> <!-- afterMethod -->
      </class> <!-- com.jostens.qa.testcases.ShoppingCartPageTest -->
    </test> <!-- Test 1 -->
  </suite> <!-- TestSuite -->
</testng-results>
